<?xml version="1.0" encoding="UTF-8"?>
<!-- Generated by org.testng.reporters.JUnitReportReporter -->
<testsuite hostname="DESKTOP-0M7CU9F" failures="0" tests="1" name="cucumberOptions.TestNGRunner" time="7.730" errors="1" timestamp="2022-11-13T02:33:47 ICT" skipped="0">
  <testcase classname="cucumberOptions.TestNGRunner" name="runScenario" time="7.730">
    <error message="Cannot invoke &quot;org.openqa.selenium.WebDriver.getCurrentUrl()&quot; because &quot;this.driver&quot; is null" type="java.lang.NullPointerException">
      <![CDATA[java.lang.NullPointerException: Cannot invoke "org.openqa.selenium.WebDriver.getCurrentUrl()" because "this.driver" is null
at stepDefinitions.StockbitDefinition.user_in_select_menu_page(StockbitDefinition.java:26)
at ✽.User in “select menu” page(file:///E:/CucumberSelenium/StockbitAutomations/Stockbit/src/test/java/features/feature01.feature:5)
]]>
    </error>
  </testcase> <!-- runScenario -->
  <system-out/>
</testsuite> <!-- cucumberOptions.TestNGRunner -->
